# JRE version: Java(TM) SE Runtime Environment (8.0_66-b18) (build 1.8.0_66-b18)
# Java VM: Java HotSpot(TM) 64-Bit Server VM (25.66-b18 mixed mode windows-amd64 compressed oops)
Heap:
 PSYoungGen      total 71680K, used 12089K [0x00000000d5e00000, 0x00000000dbd80000, 0x0000000100000000)
  eden space 66560K, 10% used [0x00000000d5e00000,0x00000000d64cef60,0x00000000d9f00000)
  from space 5120K, 99% used [0x00000000da400000,0x00000000da8ff6b0,0x00000000da900000)
  to   space 5120K, 0% used [0x00000000d9f00000,0x00000000d9f00000,0x00000000da400000)
 ParOldGen       total 77312K, used 28126K [0x0000000081a00000, 0x0000000086580000, 0x00000000d5e00000)
  object space 77312K, 36% used [0x0000000081a00000,0x0000000083577bd8,0x0000000086580000)
 Metaspace       used 25041K, capacity 26361K, committed 26544K, reserved 1073152K
  class space    used 3429K, capacity 3740K, committed 3760K, reserved 1048576K
GC Heap History (10 events):
Event: 1.903 GC heap before
{Heap before GC invocations=1 (full 0):
 PSYoungGen      total 38400K, used 33280K [0x00000000d5e00000, 0x00000000d8880000, 0x0000000100000000)
  eden space 33280K, 100% used [0x00000000d5e00000,0x00000000d7e80000,0x00000000d7e80000)
  from space 5120K, 0% used [0x00000000d8380000,0x00000000d8380000,0x00000000d8880000)
  to   space 5120K, 0% used [0x00000000d7e80000,0x00000000d7e80000,0x00000000d8380000)
 ParOldGen       total 87552K, used 0K [0x0000000081a00000, 0x0000000086f80000, 0x00000000d5e00000)
  object space 87552K, 0% used [0x0000000081a00000,0x0000000081a00000,0x0000000086f80000)
 Metaspace       used 12300K, capacity 12638K, committed 12800K, reserved 1060864K
  class space    used 1370K, capacity 1483K, committed 1536K, reserved 1048576K
Event: 1.969 GC heap after
Heap after GC invocations=1 (full 0):
 PSYoungGen      total 38400K, used 5099K [0x00000000d5e00000, 0x00000000da900000, 0x0000000100000000)
  eden space 33280K, 0% used [0x00000000d5e00000,0x00000000d5e00000,0x00000000d7e80000)
  from space 5120K, 99% used [0x00000000d7e80000,0x00000000d837ad20,0x00000000d8380000)
  to   space 5120K, 0% used [0x00000000da400000,0x00000000da400000,0x00000000da900000)
 ParOldGen       total 87552K, used 50K [0x0000000081a00000, 0x0000000086f80000, 0x00000000d5e00000)
  object space 87552K, 0% used [0x0000000081a00000,0x0000000081a0c8e8,0x0000000086f80000)
 Metaspace       used 12300K, capacity 12638K, committed 12800K, reserved 1060864K
  class space    used 1370K, capacity 1483K, committed 1536K, reserved 1048576K
}
Event: 2.218 GC heap before
{Heap before GC invocations=2 (full 0):
 PSYoungGen      total 38400K, used 38379K [0x00000000d5e00000, 0x00000000da900000, 0x0000000100000000)
  eden space 33280K, 100% used [0x00000000d5e00000,0x00000000d7e80000,0x00000000d7e80000)
  from space 5120K, 99% used [0x00000000d7e80000,0x00000000d837ad20,0x00000000d8380000)
  to   space 5120K, 0% used [0x00000000da400000,0x00000000da400000,0x00000000da900000)
 ParOldGen       total 87552K, used 50K [0x0000000081a00000, 0x0000000086f80000, 0x00000000d5e00000)
  object space 87552K, 0% used [0x0000000081a00000,0x0000000081a0c8e8,0x0000000086f80000)
 Metaspace       used 14570K, capacity 14904K, committed 14976K, reserved 1062912K
  class space    used 1735K, capacity 1880K, committed 1920K, reserved 1048576K
Event: 2.235 GC heap after
Heap after GC invocations=2 (full 0):
 PSYoungGen      total 71680K, used 5088K [0x00000000d5e00000, 0x00000000da900000, 0x0000000100000000)
  eden space 66560K, 0% used [0x00000000d5e00000,0x00000000d5e00000,0x00000000d9f00000)
  from space 5120K, 99% used [0x00000000da400000,0x00000000da8f8020,0x00000000da900000)
  to   space 5120K, 0% used [0x00000000d9f00000,0x00000000d9f00000,0x00000000da400000)
 ParOldGen       total 87552K, used 3033K [0x0000000081a00000, 0x0000000086f80000, 0x00000000d5e00000)
  object space 87552K, 3% used [0x0000000081a00000,0x0000000081cf6780,0x0000000086f80000)
 Metaspace       used 14570K, capacity 14904K, committed 14976K, reserved 1062912K
  class space    used 1735K, capacity 1880K, committed 1920K, reserved 1048576K
}
Event: 3.038 GC heap before
{Heap before GC invocations=3 (full 0):
 PSYoungGen      total 71680K, used 47310K [0x00000000d5e00000, 0x00000000da900000, 0x0000000100000000)
  eden space 66560K, 63% used [0x00000000d5e00000,0x00000000d873ba60,0x00000000d9f00000)
  from space 5120K, 99% used [0x00000000da400000,0x00000000da8f8020,0x00000000da900000)
  to   space 5120K, 0% used [0x00000000d9f00000,0x00000000d9f00000,0x00000000da400000)
 ParOldGen       total 87552K, used 3033K [0x0000000081a00000, 0x0000000086f80000, 0x00000000d5e00000)
  object space 87552K, 3% used [0x0000000081a00000,0x0000000081cf6780,0x0000000086f80000)
 Metaspace       used 20637K, capacity 21289K, committed 21296K, reserved 1067008K
  class space    used 2688K, capacity 2864K, committed 2864K, reserved 1048576K
Event: 3.051 GC heap after
Heap after GC invocations=3 (full 0):
 PSYoungGen      total 71680K, used 5088K [0x00000000d5e00000, 0x00000000da900000, 0x0000000100000000)
  eden space 66560K, 0% used [0x00000000d5e00000,0x00000000d5e00000,0x00000000d9f00000)
  from space 5120K, 99% used [0x00000000d9f00000,0x00000000da3f8030,0x00000000da400000)
  to   space 5120K, 0% used [0x00000000da400000,0x00000000da400000,0x00000000da900000)
 ParOldGen       total 87552K, used 9832K [0x0000000081a00000, 0x0000000086f80000, 0x00000000d5e00000)
  object space 87552K, 11% used [0x0000000081a00000,0x000000008239a3e0,0x0000000086f80000)
 Metaspace       used 20637K, capacity 21289K, committed 21296K, reserved 1067008K
  class space    used 2688K, capacity 2864K, committed 2864K, reserved 1048576K
}
Event: 3.051 GC heap before
{Heap before GC invocations=4 (full 1):
 PSYoungGen      total 71680K, used 5088K [0x00000000d5e00000, 0x00000000da900000, 0x0000000100000000)
  eden space 66560K, 0% used [0x00000000d5e00000,0x00000000d5e00000,0x00000000d9f00000)
  from space 5120K, 99% used [0x00000000d9f00000,0x00000000da3f8030,0x00000000da400000)
  to   space 5120K, 0% used [0x00000000da400000,0x00000000da400000,0x00000000da900000)
 ParOldGen       total 87552K, used 9832K [0x0000000081a00000, 0x0000000086f80000, 0x00000000d5e00000)
  object space 87552K, 11% used [0x0000000081a00000,0x000000008239a3e0,0x0000000086f80000)
 Metaspace       used 20637K, capacity 21289K, committed 21296K, reserved 1067008K
  class space    used 2688K, capacity 2864K, committed 2864K, reserved 1048576K
Event: 3.247 GC heap after
Heap after GC invocations=4 (full 1):
 PSYoungGen      total 71680K, used 0K [0x00000000d5e00000, 0x00000000da900000, 0x0000000100000000)
  eden space 66560K, 0% used [0x00000000d5e00000,0x00000000d5e00000,0x00000000d9f00000)
  from space 5120K, 0% used [0x00000000d9f00000,0x00000000d9f00000,0x00000000da400000)
  to   space 5120K, 0% used [0x00000000da400000,0x00000000da400000,0x00000000da900000)
 ParOldGen       total 77312K, used 14642K [0x0000000081a00000, 0x0000000086580000, 0x00000000d5e00000)
  object space 77312K, 18% used [0x0000000081a00000,0x000000008284cbc8,0x0000000086580000)
 Metaspace       used 20637K, capacity 21289K, committed 21296K, reserved 1067008K
  class space    used 2688K, capacity 2864K, committed 2864K, reserved 1048576K
}
Event: 25.818 GC heap before
{Heap before GC invocations=5 (full 1):
 PSYoungGen      total 71680K, used 66560K [0x00000000d5e00000, 0x00000000da900000, 0x0000000100000000)
  eden space 66560K, 100% used [0x00000000d5e00000,0x00000000d9f00000,0x00000000d9f00000)
  from space 5120K, 0% used [0x00000000d9f00000,0x00000000d9f00000,0x00000000da400000)
  to   space 5120K, 0% used [0x00000000da400000,0x00000000da400000,0x00000000da900000)
 ParOldGen       total 77312K, used 14642K [0x0000000081a00000, 0x0000000086580000, 0x00000000d5e00000)
  object space 77312K, 18% used [0x0000000081a00000,0x000000008284cbc8,0x0000000086580000)
 Metaspace       used 24979K, capacity 26323K, committed 26544K, reserved 1073152K
  class space    used 3424K, capacity 3707K, committed 3760K, reserved 1048576K
Event: 25.835 GC heap after
Heap after GC invocations=5 (full 1):
 PSYoungGen      total 71680K, used 5117K [0x00000000d5e00000, 0x00000000dbd80000, 0x0000000100000000)
  eden space 66560K, 0% used [0x00000000d5e00000,0x00000000d5e00000,0x00000000d9f00000)
  from space 5120K, 99% used [0x00000000da400000,0x00000000da8ff6b0,0x00000000da900000)
  to   space 5120K, 0% used [0x00000000d9f00000,0x00000000d9f00000,0x00000000da400000)
 ParOldGen       total 77312K, used 28126K [0x0000000081a00000, 0x0000000086580000, 0x00000000d5e00000)
  object space 77312K, 36% used [0x0000000081a00000,0x0000000083577bd8,0x0000000086580000)
 Metaspace       used 24979K, capacity 26323K, committed 26544K, reserved 1073152K
  class space    used 3424K, capacity 3707K, committed 3760K, reserved 1048576K
}

